<?xml version="1.0" encoding="UTF-8"?>
<!-- Generated by org.testng.reporters.JUnitReportReporter -->
<testsuite hostname="DESKTOP-Q88ETHJ" failures="0" tests="1" name="Parameter.QueryParam" time="3.545" errors="0" timestamp="2023-01-10T17:48:27 IST" skipped="0">
  <testcase classname="Parameter.QueryParam" name="queryparam" time="3.545"/>
  <system-out/>
</testsuite> <!-- Parameter.QueryParam -->
