<?xml version="1.0" encoding="UTF-8"?>
<!-- Generated by org.testng.reporters.JUnitReportReporter -->
<testsuite hostname="DESKTOP-Q88ETHJ" failures="0" tests="1" name="requestchainig.RequestChain" time="4.550" errors="0" timestamp="2023-01-12T15:07:53 IST" skipped="0">
  <testcase classname="requestchainig.RequestChain" name="requestChain" time="4.550"/>
  <system-out/>
</testsuite> <!-- requestchainig.RequestChain -->
