<?xml version="1.0" encoding="UTF-8"?>
<!-- Generated by org.testng.reporters.JUnitReportReporter -->
<testsuite hostname="DESKTOP-Q88ETHJ" failures="0" tests="1" name="crudwithDBB.CreateProject" time="3.529" errors="0" timestamp="2023-01-09T15:50:40 IST" skipped="0">
  <testcase classname="crudwithDBB.CreateProject" name="addProject" time="3.529"/>
  <system-out/>
</testsuite> <!-- crudwithDBB.CreateProject -->
