<?xml version="1.0" encoding="UTF-8"?>
<!-- Generated by org.testng.reporters.JUnitReportReporter -->
<testsuite hostname="DESKTOP-Q88ETHJ" failures="0" tests="1" name="crudwithDBB.GetAllProjects" time="13.375" errors="0" timestamp="2023-01-09T16:05:50 IST" skipped="0">
  <testcase classname="crudwithDBB.GetAllProjects" name="getAllProjects" time="13.375"/>
  <system-out/>
</testsuite> <!-- crudwithDBB.GetAllProjects -->
