<?xml version="1.0" encoding="UTF-8"?>
<!-- Generated by org.testng.reporters.JUnitReportReporter -->
<testsuite hostname="DESKTOP-Q88ETHJ" failures="0" tests="1" name="Parameter.PathParameter" time="2.966" errors="0" timestamp="2023-01-10T17:32:50 IST" skipped="0">
  <testcase classname="Parameter.PathParameter" name="pathparam" time="2.966"/>
  <system-out/>
</testsuite> <!-- Parameter.PathParameter -->
