<?xml version="1.0" encoding="UTF-8"?>
<!-- Generated by org.testng.reporters.JUnitReportReporter -->
<testsuite hostname="DESKTOP-Q88ETHJ" failures="0" tests="1" name="crudwithDBB.GetProject" time="2.582" errors="0" timestamp="2023-01-09T16:05:03 IST" skipped="0">
  <testcase classname="crudwithDBB.GetProject" name="getProject" time="2.582"/>
  <system-out/>
</testsuite> <!-- crudwithDBB.GetProject -->
