<?xml version="1.0" encoding="UTF-8"?>
<!-- Generated by org.testng.reporters.JUnitReportReporter -->
<testsuite hostname="DESKTOP-Q88ETHJ" failures="0" tests="1" name="Different_ways_to_Post_with_BDD.PostByJsonObject" time="3.529" errors="0" timestamp="2023-01-10T15:19:37 IST" skipped="0">
  <testcase classname="Different_ways_to_Post_with_BDD.PostByJsonObject" name="postbyjsonobject" time="3.529"/>
  <system-out/>
</testsuite> <!-- Different_ways_to_Post_with_BDD.PostByJsonObject -->
