<?xml version="1.0" encoding="UTF-8"?>
<!-- Generated by org.testng.reporters.JUnitReportReporter -->
<testsuite hostname="DESKTOP-Q88ETHJ" failures="0" tests="1" name="Authentication.BasicPreemptiveAuth" time="3.574" errors="0" timestamp="2023-01-11T12:02:25 IST" skipped="0">
  <testcase classname="Authentication.BasicPreemptiveAuth" name="basicpreemptiveauth" time="3.574"/>
  <system-out/>
</testsuite> <!-- Authentication.BasicPreemptiveAuth -->
