<?xml version="1.0" encoding="UTF-8"?>
<!-- Generated by org.testng.reporters.JUnitReportReporter -->
<testsuite hostname="DESKTOP-Q88ETHJ" failures="0" tests="1" name="crudwithoutBDD.UpdateProject" time="3.528" errors="0" timestamp="2023-01-09T17:03:46 IST" skipped="0">
  <testcase classname="crudwithoutBDD.UpdateProject" name="updateProject" time="3.528"/>
  <system-out/>
</testsuite> <!-- crudwithoutBDD.UpdateProject -->
