<?xml version="1.0" encoding="UTF-8"?>
<!-- Generated by org.testng.reporters.JUnitReportReporter -->
<testsuite hostname="DESKTOP-Q88ETHJ" failures="0" tests="1" name="Authentication.BearerToken" time="7.317" errors="0" timestamp="2023-02-12T15:15:30 IST" skipped="0">
  <testcase classname="Authentication.BearerToken" name="beareauth" time="7.317"/>
  <system-out/>
</testsuite> <!-- Authentication.BearerToken -->
