<?xml version="1.0" encoding="UTF-8"?>
<!-- Generated by org.testng.reporters.JUnitReportReporter -->
<testsuite hostname="DESKTOP-Q88ETHJ" failures="0" tests="1" name="validate_the_responsebody.StaticValidation1" time="7.815" errors="0" timestamp="2023-01-10T17:13:11 IST" skipped="0">
  <testcase classname="validate_the_responsebody.StaticValidation1" name="staticvalid" time="7.815"/>
  <system-out/>
</testsuite> <!-- validate_the_responsebody.StaticValidation1 -->
