<?xml version="1.0" encoding="UTF-8"?>
<!-- Generated by org.testng.reporters.JUnitReportReporter -->
<testsuite hostname="DESKTOP-Q88ETHJ" failures="0" tests="1" name="validate_the_responsebody.DynamicValidation" time="6.343" errors="0" timestamp="2023-01-10T16:28:55 IST" skipped="0">
  <testcase classname="validate_the_responsebody.DynamicValidation" name="dynamicvalid" time="6.343"/>
  <system-out/>
</testsuite> <!-- validate_the_responsebody.DynamicValidation -->
