<?xml version="1.0" encoding="UTF-8"?>
<!-- Generated by org.testng.reporters.JUnitReportReporter -->
<testsuite hostname="DESKTOP-Q88ETHJ" failures="0" tests="3" name="Authentication.BasicAuth" time="3.195" errors="0" timestamp="2023-01-11T12:07:08 IST" skipped="0">
  <testcase classname="Authentication.BasicAuth" name="basicAuth" time="2.803"/>
  <system-out/>
  <testcase classname="Authentication.BasicAuth" name="basicpreemptiveauth" time="0.235"/>
  <system-out/>
  <testcase classname="Authentication.BasicAuth" name="digestiveauth" time="0.157"/>
  <system-out/>
</testsuite> <!-- Authentication.BasicAuth -->
