<?xml version="1.0" encoding="UTF-8"?>
<!-- Generated by org.testng.reporters.JUnitReportReporter -->
<testsuite hostname="DESKTOP-Q88ETHJ" failures="0" tests="1" name="Authentication.Auth2_Authentication" time="6.531" errors="0" timestamp="2023-02-12T15:26:21 IST" skipped="0">
  <testcase classname="Authentication.Auth2_Authentication" name="authentication" time="6.531"/>
  <system-out/>
</testsuite> <!-- Authentication.Auth2_Authentication -->
