<?xml version="1.0" encoding="UTF-8"?>
<!-- Generated by org.testng.reporters.JUnitReportReporter -->
<testsuite hostname="DESKTOP-Q88ETHJ" failures="0" tests="3" name="DataProvider_package.DataProvide" time="3.368" errors="0" timestamp="2023-01-12T12:11:53 IST" skipped="0">
  <testcase classname="DataProvider_package.DataProvide" name="fetchData" time="3.081"/>
  <system-out/>
  <testcase classname="DataProvider_package.DataProvide" name="fetchData" time="0.133"/>
  <system-out/>
  <testcase classname="DataProvider_package.DataProvide" name="fetchData" time="0.154"/>
  <system-out/>
</testsuite> <!-- DataProvider_package.DataProvide -->
