<?xml version="1.0" encoding="UTF-8"?>
<!-- Generated by org.testng.reporters.JUnitReportReporter -->
<testsuite hostname="DESKTOP-Q88ETHJ" failures="0" tests="1" name="crudwithoutBDD.GetProject" time="2.912" errors="0" timestamp="2023-01-09T14:54:14 IST" skipped="0">
  <testcase classname="crudwithoutBDD.GetProject" name="getProject" time="2.912"/>
  <system-out/>
</testsuite> <!-- crudwithoutBDD.GetProject -->
