<?xml version="1.0" encoding="UTF-8"?>
<!-- Generated by org.testng.reporters.JUnitReportReporter -->
<testsuite hostname="DESKTOP-Q88ETHJ" failures="0" tests="1" name="crudwithoutBDD.DeleteProject" time="3.987" errors="0" timestamp="2023-01-09T17:08:36 IST" skipped="0">
  <testcase classname="crudwithoutBDD.DeleteProject" name="deleteProject" time="3.987"/>
  <system-out/>
</testsuite> <!-- crudwithoutBDD.DeleteProject -->
