<?xml version="1.0" encoding="UTF-8"?>
<!-- Generated by org.testng.reporters.JUnitReportReporter -->
<testsuite hostname="DESKTOP-Q88ETHJ" failures="0" tests="1" name="crudwithoutBDD.AddProject" time="3.556" errors="0" timestamp="2023-01-09T12:59:32 IST" skipped="0">
  <testcase classname="crudwithoutBDD.AddProject" name="createProject" time="3.556"/>
  <system-out/>
</testsuite> <!-- crudwithoutBDD.AddProject -->
