<?xml version="1.0" encoding="UTF-8"?>
<!-- Generated by org.testng.reporters.JUnitReportReporter -->
<testsuite hostname="DESKTOP-Q88ETHJ" failures="0" tests="1" name="crudwithoutBDD.GetAllProjects" time="6.415" errors="0" timestamp="2023-01-09T15:07:30 IST" skipped="0">
  <testcase classname="crudwithoutBDD.GetAllProjects" name="getallproject" time="6.415"/>
  <system-out/>
</testsuite> <!-- crudwithoutBDD.GetAllProjects -->
