<?xml version="1.0" encoding="UTF-8"?>
<!-- Generated by org.testng.reporters.JUnitReportReporter -->
<testsuite hostname="DESKTOP-Q88ETHJ" failures="0" tests="1" name="requestchainig.RequestChain2" time="4.121" errors="0" timestamp="2023-01-12T10:23:40 IST" skipped="0">
  <testcase classname="requestchainig.RequestChain2" name="request1" time="4.121"/>
  <system-out/>
</testsuite> <!-- requestchainig.RequestChain2 -->
